<?xml version="1.0" encoding="UTF-8"?>
<testsuites name="web-service-tests - All Test Cases" time="23.808" tests="1" failures="0" errors="0">
   <testsuite name="web-service-tests - All Test Cases" tests="1" failures="0" errors="0" time="23.808" skipped="0" timestamp="2023-07-13 08:04:39" hostname="Dell - DESKTOP-A3SK9UM" id="Test Suites/web-service-tests - All Test Cases">
      <properties>
         <property name="deviceName" value=""/>
         <property name="devicePlatform" value=""/>
         <property name="logFolder" value="C:\\Users\\Dell\\Katalon Studio\\Sample - Web API Tests\\Reports\\20230713_080418\\web-service-tests - All Test Cases\\20230713_080418"/>
         <property name="logFiles" value="C:\\Users\\Dell\\Katalon Studio\\Sample - Web API Tests\\Reports\\20230713_080418\\web-service-tests - All Test Cases\\20230713_080418\\execution0.log"/>
         <property name="attachments" value=""/>
         <property name="hostName" value="Dell - DESKTOP-A3SK9UM"/>
         <property name="os" value="Windows 10 64bit"/>
         <property name="katalonVersion" value="8.5.5.208"/>
         <property name="browser" value="Chrome 114.0.0.0"/>
         <property name="hostAddress" value="192.168.0.167"/>
         <property name="sessionId" value="ab4468af9637db2cb50ab315b3801749"/>
         <property name="seleniumVersion" value="3.141.59"/>
         <property name="proxyInformation" value="ProxyInformation { proxyOption=NO_PROXY, proxyServerType=HTTP, username=, password=********, proxyServerAddress=, proxyServerPort=0, executionList=&quot;&quot;, isApplyToDesiredCapabilities=true }"/>
         <property name="platform" value="Windows 10"/>
      </properties>
      <testcase name="Test Cases/PSO" time="23.191" classname="Test Cases/PSO" status="PASSED">
         <system-out><![CDATA[2023-07-13 08:04:39 - [TEST_CASE][PASSED] - Test Cases/PSO: Test Cases/PSO

2023-07-13 08:04:40 - [TEST_STEP][PASSED] - openBrowser("https://www.amazon.in/"): Browser is opened with url: 'https://www.amazon.in/'

2023-07-13 08:04:40 - [MESSAGE][INFO] - Starting 'Chrome' driver

2023-07-13 08:04:40 - [MESSAGE][INFO] - Action delay is set to 0 milliseconds

2023-07-13 08:04:48 - [MESSAGE][PASSED] - Browser is opened with url: 'https://www.amazon.in/'

2023-07-13 08:04:48 - [TEST_STEP][PASSED] - delay(3): Delayed 3 second(s)

2023-07-13 08:04:51 - [MESSAGE][PASSED] - Delayed 3 second(s)

2023-07-13 08:04:51 - [TEST_STEP][PASSED] - isLink = verifyElementHasAttribute(findTestObject("more list"), "tabindex", 0): Object 'Object Repository/more list' has attribute 'tabindex'

2023-07-13 08:04:51 - [MESSAGE][WARNING] - Timeout '0' is invalid. Using default page load timeout: '30'

2023-07-13 08:04:52 - [MESSAGE][PASSED] - Object 'Object Repository/more list' has attribute 'tabindex'

2023-07-13 08:04:52 - [TEST_STEP][PASSED] - if (isLink): null

2023-07-13 08:04:52 - [TEST_STEP][PASSED] - println("The element is a hyperlink."): null

2023-07-13 08:04:52 - [TEST_STEP][PASSED] - sample.Common.moveToElement(findTestObject("Object Repository/en")): sample.Common.moveToElement is PASSED

2023-07-13 08:04:53 - [MESSAGE][PASSED] - sample.Common.moveToElement is PASSED

2023-07-13 08:04:53 - [TEST_STEP][PASSED] - delay(9): Delayed 9 second(s)

2023-07-13 08:05:02 - [MESSAGE][PASSED] - Delayed 9 second(s)

2023-07-13 08:05:02 - [TEST_STEP][PASSED] - isnotChecked = verifyElementNotChecked(findTestObject("Object Repository/radiobtn"), 10): Object 'Object Repository/radiobtn' is not checked

2023-07-13 08:05:02 - [MESSAGE][PASSED] - Object 'Object Repository/radiobtn' is not checked

2023-07-13 08:05:02 - [TEST_STEP][PASSED] - if (isnotChecked): null

2023-07-13 08:05:02 - [TEST_STEP][PASSED] - println("The radio button is not checked."): null]]></system-out>
         <system-err><![CDATA[]]></system-err>
      </testcase>
      <system-out><![CDATA[2023-07-13 08:04:39 - [TEST_SUITE][PASSED] - web-service-tests - All Test Cases: Test Cases/PSO]]></system-out>
      <system-err><![CDATA[]]></system-err>
   </testsuite>
</testsuites>
